Determining if the function strncpy_s exists failed with the following output:
Change Dir: /Users/kleinerm/projects/Horde3D/CMakeFiles/CMakeTmp

Run Build Command:/usr/bin/make "cmTryCompileExec660890483/fast"
/Applications/Xcode.app/Contents/Developer/usr/bin/make -f CMakeFiles/cmTryCompileExec660890483.dir/build.make CMakeFiles/cmTryCompileExec660890483.dir/build
/usr/local/Cellar/cmake/2.8.12.1/bin/cmake -E cmake_progress_report /Users/kleinerm/projects/Horde3D/CMakeFiles/CMakeTmp/CMakeFiles 1
Building C object CMakeFiles/cmTryCompileExec660890483.dir/CheckFunctionExists.c.o
/usr/bin/cc   -DCHECK_FUNCTION_EXISTS=strncpy_s   -o CMakeFiles/cmTryCompileExec660890483.dir/CheckFunctionExists.c.o   -c /usr/local/Cellar/cmake/2.8.12.1/share/cmake/Modules/CheckFunctionExists.c
Linking C executable cmTryCompileExec660890483
/usr/local/Cellar/cmake/2.8.12.1/bin/cmake -E cmake_link_script CMakeFiles/cmTryCompileExec660890483.dir/link.txt --verbose=1
/usr/bin/cc   -DCHECK_FUNCTION_EXISTS=strncpy_s -Wl,-search_paths_first -Wl,-headerpad_max_install_names   CMakeFiles/cmTryCompileExec660890483.dir/CheckFunctionExists.c.o  -o cmTryCompileExec660890483  
Undefined symbols for architecture x86_64:
  "_strncpy_s", referenced from:
      _main in CheckFunctionExists.c.o
ld: symbol(s) not found for architecture x86_64
clang: error: linker command failed with exit code 1 (use -v to see invocation)
make[1]: *** [cmTryCompileExec660890483] Error 1
make: *** [cmTryCompileExec660890483/fast] Error 2


